app/build/intermediates/manifest_merge_blame_file/debug/manifest-merger-blame-debug-report.txt
1<?xml version="1.0" encoding="utf-8"?>
2<manifest xmlns:android="http://schemas.android.com/apk/res/android"
3    package="com.akounto.accountingsoftware"
4    android:versionCode="18"
5    android:versionName="1.0.16" >
6
7    <uses-sdk
8        android:minSdkVersion="24"
8-->src\main\AndroidManifest.xml
9        android:targetSdkVersion="30" />
9-->src\main\AndroidManifest.xml
10
11    <uses-permission android:name="android.permission.ACCESS_NETWORK_STATE" />
11-->src\main\AndroidManifest.xml:8:5-79
11-->src\main\AndroidManifest.xml:8:22-76
12    <uses-permission android:name="android.permission.INTERNET" />
12-->src\main\AndroidManifest.xml:9:5-67
12-->src\main\AndroidManifest.xml:9:22-64
13    <uses-permission android:name="android.permission.WRITE_EXTERNAL_STORAGE" />
13-->src\main\AndroidManifest.xml:10:5-12:40
13-->src\main\AndroidManifest.xml:11:9-65
14    <uses-permission android:name="android.permission.CALL_PHONE" />
14-->src\main\AndroidManifest.xml:13:5-68
14-->src\main\AndroidManifest.xml:13:22-66
15    <uses-permission android:name="android.permission.READ_EXTERNAL_STORAGE" />
15-->src\main\AndroidManifest.xml:14:5-80
15-->src\main\AndroidManifest.xml:14:22-77
16    <uses-permission android:name="android.permission.ACCESS_WIFI_STATE" />
16-->src\main\AndroidManifest.xml:15:5-76
16-->src\main\AndroidManifest.xml:15:22-73
17    <uses-permission android:name="android.permission.WAKE_LOCK" />
17-->src\main\AndroidManifest.xml:16:5-68
17-->src\main\AndroidManifest.xml:16:22-65
18    <uses-permission android:name="com.google.android.finsky.permission.BIND_GET_INSTALL_REFERRER_SERVICE" />
18-->src\main\AndroidManifest.xml:17:5-110
18-->src\main\AndroidManifest.xml:17:22-107
19
20    <uses-feature
20-->[com.plaid.link:sdk-core:3.2.4] AndroidManifest.xml:12:5-14:36
21        android:name="android.hardware.screen.portrait"
21-->[com.plaid.link:sdk-core:3.2.4] AndroidManifest.xml:13:9-56
22        android:required="false" />
22-->[com.plaid.link:sdk-core:3.2.4] AndroidManifest.xml:14:9-33
23    <uses-feature
23-->[com.plaid.link:sdk-core:3.2.4] AndroidManifest.xml:15:5-17:36
24        android:name="android.hardware.screen.landscape"
24-->[com.plaid.link:sdk-core:3.2.4] AndroidManifest.xml:16:9-57
25        android:required="false" /> <!-- Required by older versions of Google Play services to create IID tokens -->
25-->[com.plaid.link:sdk-core:3.2.4] AndroidManifest.xml:17:9-33
26    <uses-permission android:name="com.google.android.c2dm.permission.RECEIVE" />
26-->[com.google.firebase:firebase-iid:21.0.1] AndroidManifest.xml:26:5-82
26-->[com.google.firebase:firebase-iid:21.0.1] AndroidManifest.xml:26:22-79
27    <uses-permission android:name="android.permission.RECEIVE_BOOT_COMPLETED" />
27-->[androidx.work:work-runtime:2.4.0] AndroidManifest.xml:27:5-81
27-->[androidx.work:work-runtime:2.4.0] AndroidManifest.xml:27:22-78
28    <uses-permission android:name="android.permission.FOREGROUND_SERVICE" />
28-->[androidx.work:work-runtime:2.4.0] AndroidManifest.xml:28:5-77
28-->[androidx.work:work-runtime:2.4.0] AndroidManifest.xml:28:22-74
29
30    <application
30-->src\main\AndroidManifest.xml:19:5-257:19
31        android:name="com.akounto.accountingsoftware.util.AppSingle"
31-->src\main\AndroidManifest.xml:20:9-69
32        android:allowBackup="true"
32-->src\main\AndroidManifest.xml:21:9-35
33        android:appComponentFactory="androidx.core.app.CoreComponentFactory"
33-->[androidx.core:core:1.5.0] AndroidManifest.xml:24:18-86
34        android:debuggable="true"
35        android:extractNativeLibs="false"
36        android:icon="@mipmap/ic_launcher"
36-->src\main\AndroidManifest.xml:22:9-43
37        android:label="@string/app_name"
37-->src\main\AndroidManifest.xml:23:9-41
38        android:networkSecurityConfig="@xml/network_security_config"
38-->src\main\AndroidManifest.xml:24:9-69
39        android:requestLegacyExternalStorage="true"
39-->src\main\AndroidManifest.xml:25:9-52
40        android:supportsRtl="true"
40-->src\main\AndroidManifest.xml:26:9-35
41        android:theme="@style/AppTheme"
41-->src\main\AndroidManifest.xml:27:9-40
42        android:usesCleartextTraffic="true" >
42-->src\main\AndroidManifest.xml:28:9-44
43        <activity
43-->src\main\AndroidManifest.xml:29:9-31:52
44            android:name="com.akounto.accountingsoftware.Activity.SalesInvoiceActivity"
44-->src\main\AndroidManifest.xml:30:13-88
45            android:screenOrientation="portrait" />
45-->src\main\AndroidManifest.xml:31:13-49
46        <activity
46-->src\main\AndroidManifest.xml:32:9-34:52
47            android:name="com.akounto.accountingsoftware.Activity.Invoice.CreateInvoice"
47-->src\main\AndroidManifest.xml:33:13-89
48            android:screenOrientation="portrait" />
48-->src\main\AndroidManifest.xml:34:13-49
49        <activity
49-->src\main\AndroidManifest.xml:35:9-37:52
50            android:name="com.akounto.accountingsoftware.Activity.Invoice.CustomerList"
50-->src\main\AndroidManifest.xml:36:13-88
51            android:screenOrientation="portrait" />
51-->src\main\AndroidManifest.xml:37:13-49
52        <activity
52-->src\main\AndroidManifest.xml:38:9-41:52
53            android:name="com.akounto.accountingsoftware.Activity.Accounting.TransactionsActivity"
53-->src\main\AndroidManifest.xml:39:13-99
54            android:noHistory="true"
54-->src\main\AndroidManifest.xml:40:13-37
55            android:screenOrientation="portrait" />
55-->src\main\AndroidManifest.xml:41:13-49
56        <activity
56-->src\main\AndroidManifest.xml:42:9-44:52
57            android:name="com.akounto.accountingsoftware.Activity.Invoice.AddCustomers"
57-->src\main\AndroidManifest.xml:43:13-88
58            android:screenOrientation="portrait" />
58-->src\main\AndroidManifest.xml:44:13-49
59        <activity
59-->src\main\AndroidManifest.xml:45:9-47:52
60            android:name="com.akounto.accountingsoftware.Activity.Invoice.ItemList"
60-->src\main\AndroidManifest.xml:46:13-84
61            android:screenOrientation="portrait" />
61-->src\main\AndroidManifest.xml:47:13-49
62        <activity
62-->src\main\AndroidManifest.xml:48:9-50:52
63            android:name="com.akounto.accountingsoftware.Activity.Invoice.InvoiceList"
63-->src\main\AndroidManifest.xml:49:13-87
64            android:screenOrientation="portrait" />
64-->src\main\AndroidManifest.xml:50:13-49
65        <activity
65-->src\main\AndroidManifest.xml:51:9-53:52
66            android:name="com.akounto.accountingsoftware.Activity.Invoice.AddItem"
66-->src\main\AndroidManifest.xml:52:13-83
67            android:screenOrientation="portrait" />
67-->src\main\AndroidManifest.xml:53:13-49
68        <activity
68-->src\main\AndroidManifest.xml:54:9-56:52
69            android:name="com.akounto.accountingsoftware.Activity.Invoice.EditItem"
69-->src\main\AndroidManifest.xml:55:13-84
70            android:screenOrientation="portrait" />
70-->src\main\AndroidManifest.xml:56:13-49
71        <activity
71-->src\main\AndroidManifest.xml:57:9-58:51
72            android:name="com.akounto.accountingsoftware.Activity.Bill.CreateBill"
72-->src\main\AndroidManifest.xml:57:19-89
73            android:screenOrientation="portrait" />
73-->src\main\AndroidManifest.xml:58:13-49
74        <activity
74-->src\main\AndroidManifest.xml:59:9-60:51
75            android:name="com.akounto.accountingsoftware.Activity.Bill.BillList"
75-->src\main\AndroidManifest.xml:59:19-87
76            android:screenOrientation="portrait" />
76-->src\main\AndroidManifest.xml:60:13-49
77        <activity
77-->src\main\AndroidManifest.xml:61:9-62:51
78            android:name="com.akounto.accountingsoftware.Activity.Bill.ListVendor"
78-->src\main\AndroidManifest.xml:61:19-89
79            android:screenOrientation="portrait" />
79-->src\main\AndroidManifest.xml:62:13-49
80        <activity
80-->src\main\AndroidManifest.xml:63:9-64:51
81            android:name="com.akounto.accountingsoftware.Activity.Bill.ListPurchaseItem"
81-->src\main\AndroidManifest.xml:63:19-95
82            android:screenOrientation="portrait" />
82-->src\main\AndroidManifest.xml:64:13-49
83        <activity
83-->src\main\AndroidManifest.xml:65:9-66:51
84            android:name="com.akounto.accountingsoftware.Activity.Bill.AddBillItem"
84-->src\main\AndroidManifest.xml:65:19-90
85            android:screenOrientation="portrait" />
85-->src\main\AndroidManifest.xml:66:13-49
86        <activity
86-->src\main\AndroidManifest.xml:67:9-68:51
87            android:name="com.akounto.accountingsoftware.Activity.WelcomeActivity"
87-->src\main\AndroidManifest.xml:67:19-89
88            android:screenOrientation="portrait" />
88-->src\main\AndroidManifest.xml:68:13-49
89        <activity
89-->src\main\AndroidManifest.xml:69:9-70:51
90            android:name="com.akounto.accountingsoftware.Activity.Bill.EditBillItem"
90-->src\main\AndroidManifest.xml:69:19-91
91            android:screenOrientation="portrait" />
91-->src\main\AndroidManifest.xml:70:13-49
92        <activity
92-->src\main\AndroidManifest.xml:71:9-72:51
93            android:name="com.akounto.accountingsoftware.Activity.Bank.BankListActivity"
93-->src\main\AndroidManifest.xml:71:19-95
94            android:screenOrientation="portrait" />
94-->src\main\AndroidManifest.xml:72:13-49
95        <activity
95-->src\main\AndroidManifest.xml:73:9-74:51
96            android:name="com.akounto.accountingsoftware.Activity.Bill.ViewBill"
96-->src\main\AndroidManifest.xml:73:19-87
97            android:screenOrientation="portrait" />
97-->src\main\AndroidManifest.xml:74:13-49
98        <activity
98-->src\main\AndroidManifest.xml:75:9-76:51
99            android:name="com.akounto.accountingsoftware.Activity.SettingActivity"
99-->src\main\AndroidManifest.xml:75:19-89
100            android:screenOrientation="portrait" />
100-->src\main\AndroidManifest.xml:76:13-49
101        <activity
101-->src\main\AndroidManifest.xml:77:9-78:51
102            android:name="com.akounto.accountingsoftware.Activity.SignUpDetails"
102-->src\main\AndroidManifest.xml:77:19-87
103            android:screenOrientation="portrait" />
103-->src\main\AndroidManifest.xml:78:13-49
104        <activity
104-->src\main\AndroidManifest.xml:79:9-80:51
105            android:name="com.akounto.accountingsoftware.Activity.AddJournalTransactionActivity"
105-->src\main\AndroidManifest.xml:79:19-103
106            android:screenOrientation="portrait" />
106-->src\main\AndroidManifest.xml:80:13-49
107        <activity
107-->src\main\AndroidManifest.xml:81:9-82:51
108            android:name="com.akounto.accountingsoftware.Activity.SendEstimateActivity"
108-->src\main\AndroidManifest.xml:81:19-94
109            android:screenOrientation="portrait" />
109-->src\main\AndroidManifest.xml:82:13-49
110        <activity
110-->src\main\AndroidManifest.xml:83:9-84:51
111            android:name="com.akounto.accountingsoftware.Activity.ViewRecurringInvoiceActivity"
111-->src\main\AndroidManifest.xml:83:19-102
112            android:screenOrientation="portrait" />
112-->src\main\AndroidManifest.xml:84:13-49
113        <activity
113-->src\main\AndroidManifest.xml:85:9-86:51
114            android:name="com.akounto.accountingsoftware.Activity.EditChatOfAccount"
114-->src\main\AndroidManifest.xml:85:19-91
115            android:screenOrientation="portrait" />
115-->src\main\AndroidManifest.xml:86:13-49
116        <activity
116-->src\main\AndroidManifest.xml:87:9-88:51
117            android:name="com.akounto.accountingsoftware.Activity.TnCActivity"
117-->src\main\AndroidManifest.xml:87:19-85
118            android:screenOrientation="portrait" />
118-->src\main\AndroidManifest.xml:88:13-49
119        <activity
119-->src\main\AndroidManifest.xml:89:9-90:51
120            android:name="com.akounto.accountingsoftware.Activity.CreateInvoiceActivity"
120-->src\main\AndroidManifest.xml:89:19-95
121            android:screenOrientation="portrait" />
121-->src\main\AndroidManifest.xml:90:13-49
122        <activity
122-->src\main\AndroidManifest.xml:91:9-92:51
123            android:name="com.akounto.accountingsoftware.Activity.CreateEstimateActivity"
123-->src\main\AndroidManifest.xml:91:19-96
124            android:screenOrientation="portrait" />
124-->src\main\AndroidManifest.xml:92:13-49
125        <activity
125-->src\main\AndroidManifest.xml:93:9-94:51
126            android:name="com.akounto.accountingsoftware.Activity.AddCustomersActivity"
126-->src\main\AndroidManifest.xml:93:19-94
127            android:screenOrientation="portrait" />
127-->src\main\AndroidManifest.xml:94:13-49
128        <activity
128-->src\main\AndroidManifest.xml:95:9-96:51
129            android:name="com.akounto.accountingsoftware.Activity.AddVendorActivity"
129-->src\main\AndroidManifest.xml:95:19-91
130            android:screenOrientation="portrait" />
130-->src\main\AndroidManifest.xml:96:13-49
131        <activity
131-->src\main\AndroidManifest.xml:97:9-98:51
132            android:name="com.akounto.accountingsoftware.Activity.CreatingProductsAndServices"
132-->src\main\AndroidManifest.xml:97:19-101
133            android:screenOrientation="portrait" />
133-->src\main\AndroidManifest.xml:98:13-49
134        <activity
134-->src\main\AndroidManifest.xml:99:9-100:51
135            android:name="com.akounto.accountingsoftware.Activity.NotifcationActivity"
135-->src\main\AndroidManifest.xml:99:19-93
136            android:screenOrientation="portrait" />
136-->src\main\AndroidManifest.xml:100:13-49
137        <activity
137-->src\main\AndroidManifest.xml:101:9-102:51
138            android:name="com.akounto.accountingsoftware.Activity.CompanyProfileActivity"
138-->src\main\AndroidManifest.xml:101:19-96
139            android:screenOrientation="portrait" />
139-->src\main\AndroidManifest.xml:102:13-49
140        <activity
140-->src\main\AndroidManifest.xml:103:9-104:51
141            android:name="com.akounto.accountingsoftware.Activity.HangTightActivity"
141-->src\main\AndroidManifest.xml:103:19-91
142            android:screenOrientation="portrait" />
142-->src\main\AndroidManifest.xml:104:13-49
143        <activity
143-->src\main\AndroidManifest.xml:105:9-106:51
144            android:name="com.akounto.accountingsoftware.Activity.GetStartedActivity"
144-->src\main\AndroidManifest.xml:105:19-92
145            android:screenOrientation="portrait" />
145-->src\main\AndroidManifest.xml:106:13-49
146        <activity
146-->src\main\AndroidManifest.xml:107:9-108:51
147            android:name="com.akounto.accountingsoftware.Activity.SignUpActivity"
147-->src\main\AndroidManifest.xml:107:19-88
148            android:screenOrientation="portrait" />
148-->src\main\AndroidManifest.xml:108:13-49
149        <activity
149-->src\main\AndroidManifest.xml:109:9-110:51
150            android:name="com.akounto.accountingsoftware.Activity.ForgotPassword"
150-->src\main\AndroidManifest.xml:109:19-88
151            android:screenOrientation="portrait" />
151-->src\main\AndroidManifest.xml:110:13-49
152        <activity
152-->src\main\AndroidManifest.xml:111:9-112:51
153            android:name="com.akounto.accountingsoftware.Activity.AddTransactionActivity"
153-->src\main\AndroidManifest.xml:111:19-96
154            android:screenOrientation="portrait" />
154-->src\main\AndroidManifest.xml:112:13-49
155        <activity
155-->src\main\AndroidManifest.xml:113:9-114:51
156            android:name="com.akounto.accountingsoftware.Activity.SIgnUpStep0"
156-->src\main\AndroidManifest.xml:113:19-85
157            android:screenOrientation="portrait" />
157-->src\main\AndroidManifest.xml:114:13-49
158        <activity
158-->src\main\AndroidManifest.xml:115:9-116:51
159            android:name="com.akounto.accountingsoftware.Activity.SignUpStep1"
159-->src\main\AndroidManifest.xml:115:19-85
160            android:screenOrientation="portrait" />
160-->src\main\AndroidManifest.xml:116:13-49
161        <activity
161-->src\main\AndroidManifest.xml:117:9-118:51
162            android:name="com.akounto.accountingsoftware.Activity.SignUpStep2"
162-->src\main\AndroidManifest.xml:117:19-85
163            android:screenOrientation="portrait" />
163-->src\main\AndroidManifest.xml:118:13-49
164        <activity
164-->src\main\AndroidManifest.xml:119:9-120:51
165            android:name="com.akounto.accountingsoftware.Activity.SignUpStep3"
165-->src\main\AndroidManifest.xml:119:19-85
166            android:screenOrientation="portrait" />
166-->src\main\AndroidManifest.xml:120:13-49
167        <activity
167-->src\main\AndroidManifest.xml:121:9-122:51
168            android:name="com.akounto.accountingsoftware.Activity.Invoice.EditInvoice"
168-->src\main\AndroidManifest.xml:121:19-93
169            android:screenOrientation="portrait" />
169-->src\main\AndroidManifest.xml:122:13-49
170        <activity
170-->src\main\AndroidManifest.xml:123:9-124:51
171            android:name="com.akounto.accountingsoftware.Activity.UploadBankStatementActivity"
171-->src\main\AndroidManifest.xml:123:19-101
172            android:screenOrientation="portrait" />
172-->src\main\AndroidManifest.xml:124:13-49
173        <activity
173-->src\main\AndroidManifest.xml:125:9-126:51
174            android:name="com.akounto.accountingsoftware.Activity.Invoice.ViewInvoice"
174-->src\main\AndroidManifest.xml:125:19-93
175            android:screenOrientation="portrait" />
175-->src\main\AndroidManifest.xml:126:13-49
176        <activity
176-->src\main\AndroidManifest.xml:127:9-128:51
177            android:name="com.akounto.accountingsoftware.Activity.Bill.EditBill"
177-->src\main\AndroidManifest.xml:127:19-87
178            android:screenOrientation="portrait" />
178-->src\main\AndroidManifest.xml:128:13-49
179        <activity
179-->src\main\AndroidManifest.xml:129:9-132:55
180            android:name="com.akounto.accountingsoftware.Activity.ProductAndCreateActivity"
180-->src\main\AndroidManifest.xml:130:13-92
181            android:screenOrientation="portrait"
181-->src\main\AndroidManifest.xml:131:13-49
182            android:theme="@style/AppTheme.NoTitle" />
182-->src\main\AndroidManifest.xml:132:13-52
183        <activity
183-->src\main\AndroidManifest.xml:133:9-136:55
184            android:name="com.akounto.accountingsoftware.Activity.CreateProductsAndServicesPurchase"
184-->src\main\AndroidManifest.xml:134:13-101
185            android:screenOrientation="portrait"
185-->src\main\AndroidManifest.xml:135:13-49
186            android:theme="@style/AppTheme.NoTitle" />
186-->src\main\AndroidManifest.xml:136:13-52
187        <activity
187-->src\main\AndroidManifest.xml:137:9-138:51
188            android:name="com.akounto.accountingsoftware.Activity.AddChatOfAccountActivity"
188-->src\main\AndroidManifest.xml:137:19-98
189            android:screenOrientation="portrait" />
189-->src\main\AndroidManifest.xml:138:13-49
190        <activity
190-->src\main\AndroidManifest.xml:139:9-142:55
191            android:name="com.akounto.accountingsoftware.Activity.EstimateDetailsActivity"
191-->src\main\AndroidManifest.xml:140:13-91
192            android:screenOrientation="portrait"
192-->src\main\AndroidManifest.xml:141:13-49
193            android:theme="@style/AppTheme.NoTitle" />
193-->src\main\AndroidManifest.xml:142:13-52
194        <activity
194-->src\main\AndroidManifest.xml:143:9-146:55
195            android:name="com.akounto.accountingsoftware.Activity.InvoiceDetailsActivity"
195-->src\main\AndroidManifest.xml:144:13-90
196            android:screenOrientation="portrait"
196-->src\main\AndroidManifest.xml:145:13-49
197            android:theme="@style/AppTheme.NoTitle" />
197-->src\main\AndroidManifest.xml:146:13-52
198        <activity
198-->src\main\AndroidManifest.xml:147:9-150:55
199            android:name="com.akounto.accountingsoftware.Activity.ViewPdfActivity"
199-->src\main\AndroidManifest.xml:148:13-83
200            android:screenOrientation="portrait"
200-->src\main\AndroidManifest.xml:149:13-49
201            android:theme="@style/AppTheme.NoTitle" />
201-->src\main\AndroidManifest.xml:150:13-52
202        <activity
202-->src\main\AndroidManifest.xml:151:9-154:55
203            android:name="com.akounto.accountingsoftware.Activity.BillDetailsActivity"
203-->src\main\AndroidManifest.xml:152:13-87
204            android:screenOrientation="portrait"
204-->src\main\AndroidManifest.xml:153:13-49
205            android:theme="@style/AppTheme.NoTitle" />
205-->src\main\AndroidManifest.xml:154:13-52
206        <activity
206-->src\main\AndroidManifest.xml:155:9-158:55
207            android:name="com.akounto.accountingsoftware.Activity.EditBillActivity"
207-->src\main\AndroidManifest.xml:156:13-84
208            android:screenOrientation="portrait"
208-->src\main\AndroidManifest.xml:157:13-49
209            android:theme="@style/AppTheme.NoTitle" />
209-->src\main\AndroidManifest.xml:158:13-52
210        <activity
210-->src\main\AndroidManifest.xml:159:9-162:55
211            android:name="com.akounto.accountingsoftware.Activity.UploadSecondActivity"
211-->src\main\AndroidManifest.xml:160:13-88
212            android:screenOrientation="portrait"
212-->src\main\AndroidManifest.xml:161:13-49
213            android:theme="@style/AppTheme.NoTitle" />
213-->src\main\AndroidManifest.xml:162:13-52
214        <activity
214-->src\main\AndroidManifest.xml:163:9-164:51
215            android:name="com.akounto.accountingsoftware.Activity.AdvancedFilterActivity"
215-->src\main\AndroidManifest.xml:163:19-96
216            android:screenOrientation="portrait" />
216-->src\main\AndroidManifest.xml:164:13-49
217        <activity
217-->src\main\AndroidManifest.xml:165:9-166:51
218            android:name="com.akounto.accountingsoftware.Activity.UploadReceipt"
218-->src\main\AndroidManifest.xml:165:19-87
219            android:screenOrientation="portrait" />
219-->src\main\AndroidManifest.xml:166:13-49
220        <activity
220-->src\main\AndroidManifest.xml:167:9-170:55
221            android:name="com.akounto.accountingsoftware.Activity.CreateBillActivity"
221-->src\main\AndroidManifest.xml:168:13-86
222            android:screenOrientation="portrait"
222-->src\main\AndroidManifest.xml:169:13-49
223            android:theme="@style/AppTheme.NoTitle" />
223-->src\main\AndroidManifest.xml:170:13-52
224        <activity
224-->src\main\AndroidManifest.xml:171:9-174:51
225            android:name="com.akounto.accountingsoftware.Activity.DashboardActivity"
225-->src\main\AndroidManifest.xml:172:13-85
226            android:launchMode="singleInstance"
226-->src\main\AndroidManifest.xml:174:13-48
227            android:screenOrientation="portrait" />
227-->src\main\AndroidManifest.xml:173:13-49
228        <activity
228-->src\main\AndroidManifest.xml:175:9-179:40
229            android:name="com.akounto.accountingsoftware.Activity.ExternalSignUp"
229-->src\main\AndroidManifest.xml:176:13-82
230            android:launchMode="singleInstance"
230-->src\main\AndroidManifest.xml:177:13-48
231            android:noHistory="true"
231-->src\main\AndroidManifest.xml:179:13-37
232            android:screenOrientation="portrait" />
232-->src\main\AndroidManifest.xml:178:13-49
233        <activity
233-->src\main\AndroidManifest.xml:180:9-184:40
234            android:name="com.akounto.accountingsoftware.util.ActivityImagePicker"
234-->src\main\AndroidManifest.xml:181:13-83
235            android:launchMode="singleInstance"
235-->src\main\AndroidManifest.xml:182:13-48
236            android:noHistory="true"
236-->src\main\AndroidManifest.xml:184:13-37
237            android:screenOrientation="portrait" />
237-->src\main\AndroidManifest.xml:183:13-49
238        <activity
238-->src\main\AndroidManifest.xml:185:9-188:51
239            android:name="com.akounto.accountingsoftware.Activity.SignInActivity"
239-->src\main\AndroidManifest.xml:186:13-82
240            android:launchMode="singleInstance"
240-->src\main\AndroidManifest.xml:188:13-48
241            android:screenOrientation="portrait" />
241-->src\main\AndroidManifest.xml:187:13-49
242        <activity android:name="com.akounto.accountingsoftware.Activity.VideoAfterSplashActivity" >
242-->src\main\AndroidManifest.xml:190:9-196:20
242-->src\main\AndroidManifest.xml:190:19-98
243            <intent-filter>
243-->src\main\AndroidManifest.xml:191:13-194:29
244                <action android:name="android.intent.action.MAIN" />
244-->src\main\AndroidManifest.xml:192:17-69
244-->src\main\AndroidManifest.xml:192:25-66
245
246                <category android:name="android.intent.category.DEFAULT" />
246-->src\main\AndroidManifest.xml:193:17-76
246-->src\main\AndroidManifest.xml:193:27-73
247            </intent-filter>
248        </activity>
249        <activity
249-->src\main\AndroidManifest.xml:197:9-203:20
250            android:name="com.akounto.accountingsoftware.Activity.SplashScreenActivity"
250-->src\main\AndroidManifest.xml:197:19-94
251            android:screenOrientation="portrait" >
251-->src\main\AndroidManifest.xml:198:13-49
252            <intent-filter>
252-->src\main\AndroidManifest.xml:199:13-202:29
253                <action android:name="android.intent.action.MAIN" />
253-->src\main\AndroidManifest.xml:192:17-69
253-->src\main\AndroidManifest.xml:192:25-66
254
255                <category android:name="android.intent.category.LAUNCHER" />
255-->src\main\AndroidManifest.xml:201:17-77
255-->src\main\AndroidManifest.xml:201:27-74
256            </intent-filter>
257        </activity>
258        <activity android:name="com.akounto.accountingsoftware.Activity.MainActivity" >
258-->src\main\AndroidManifest.xml:204:9-209:20
258-->src\main\AndroidManifest.xml:204:19-86
259            <intent-filter>
259-->src\main\AndroidManifest.xml:191:13-194:29
260                <action android:name="android.intent.action.MAIN" />
260-->src\main\AndroidManifest.xml:192:17-69
260-->src\main\AndroidManifest.xml:192:25-66
261
262                <category android:name="android.intent.category.DEFAULT" />
262-->src\main\AndroidManifest.xml:193:17-76
262-->src\main\AndroidManifest.xml:193:27-73
263            </intent-filter>
264        </activity>
265
266        <provider
266-->src\main\AndroidManifest.xml:211:9-219:20
267            android:name="androidx.core.content.FileProvider"
267-->src\main\AndroidManifest.xml:212:13-62
268            android:authorities="com.akounto.accountingsoftware.provider"
268-->src\main\AndroidManifest.xml:213:13-74
269            android:exported="false"
269-->src\main\AndroidManifest.xml:214:13-37
270            android:grantUriPermissions="true" >
270-->src\main\AndroidManifest.xml:215:13-47
271            <meta-data
271-->src\main\AndroidManifest.xml:216:13-218:58
272                android:name="android.support.FILE_PROVIDER_PATHS"
272-->src\main\AndroidManifest.xml:217:17-67
273                android:resource="@xml/provider_paths" />
273-->src\main\AndroidManifest.xml:218:17-55
274        </provider>
275
276        <activity
276-->src\main\AndroidManifest.xml:220:9-222:72
277            android:name="com.karumi.dexter.DexterActivity"
277-->src\main\AndroidManifest.xml:221:13-60
278            android:theme="@style/Dexter.Internal.Theme.Transparent" />
278-->src\main\AndroidManifest.xml:222:13-69
279
280        <meta-data
280-->src\main\AndroidManifest.xml:223:9-225:36
281            android:name="firebase_performance_logcat_enabled"
281-->src\main\AndroidManifest.xml:224:13-63
282            android:value="true" />
282-->src\main\AndroidManifest.xml:225:13-33
283
284        <service
284-->src\main\AndroidManifest.xml:227:9-243:19
285            android:name="com.google.firebase.components.ComponentDiscoveryService"
285-->src\main\AndroidManifest.xml:228:13-84
286            android:directBootAware="true"
286-->src\main\AndroidManifest.xml:229:13-43
287            android:exported="false" >
287-->src\main\AndroidManifest.xml:230:13-37
288            <meta-data
288-->src\main\AndroidManifest.xml:231:13-233:85
289                android:name="com.google.firebase.components:com.google.firebase.crashlytics.CrashlyticsRegistrar"
289-->src\main\AndroidManifest.xml:232:17-115
290                android:value="com.google.firebase.components.ComponentRegistrar" />
290-->src\main\AndroidManifest.xml:233:17-82
291            <meta-data
291-->src\main\AndroidManifest.xml:234:13-236:85
292                android:name="com.google.firebase.components:com.google.firebase.analytics.connector.internal.AnalyticsConnectorRegistrar"
292-->src\main\AndroidManifest.xml:235:17-139
293                android:value="com.google.firebase.components.ComponentRegistrar" />
293-->src\main\AndroidManifest.xml:236:17-82
294            <meta-data
294-->src\main\AndroidManifest.xml:237:13-239:85
295                android:name="com.google.firebase.components:com.google.firebase.installations.FirebaseInstallationsRegistrar"
295-->src\main\AndroidManifest.xml:238:17-127
296                android:value="com.google.firebase.components.ComponentRegistrar" />
296-->src\main\AndroidManifest.xml:239:17-82
297            <meta-data
297-->src\main\AndroidManifest.xml:240:13-242:85
298                android:name="com.google.firebase.components:com.google.firebase.dynamicloading.DynamicLoadingRegistrar"
298-->src\main\AndroidManifest.xml:241:17-121
299                android:value="com.google.firebase.components.ComponentRegistrar" />
299-->src\main\AndroidManifest.xml:242:17-82
300            <meta-data
300-->[com.google.firebase:firebase-perf:19.1.1] AndroidManifest.xml:23:13-25:85
301                android:name="com.google.firebase.components:com.google.firebase.perf.FirebasePerfRegistrar"
301-->[com.google.firebase:firebase-perf:19.1.1] AndroidManifest.xml:24:17-109
302                android:value="com.google.firebase.components.ComponentRegistrar" />
302-->[com.google.firebase:firebase-perf:19.1.1] AndroidManifest.xml:25:17-82
303            <meta-data
303-->[com.google.firebase:firebase-dynamic-links-ktx:20.1.0] AndroidManifest.xml:28:13-30:85